Arguments: 
  /Users/tian/.nvm/versions/node/v10.16.0/bin/node /Users/tian/.yarn/bin/yarn.js add -D transliteration load-utils

PATH: 
  /Users/tian/.yarn/bin:/Users/tian/.config/yarn/global/node_modules/.bin:/Users/tian/.cargo/bin:/Users/tian/.nvm/versions/node/v10.16.0/bin:/Users/tian/flutter/bin:/Users/tian/bin:/usr/local/bin:/Users/tian/.cargo/bin:/usr/local/bin:/usr/bin:/bin:/usr/sbin:/sbin:/usr/local/go/bin:/bin:/usr/local/bin

Yarn version: 
  1.15.2

Node version: 
  10.16.0

Platform: 
  darwin x64

Trace: 
  Error: https://registry.npm.taobao.org/load-utils: Not found
      at Request.params.callback [as _callback] (/Users/tian/.yarn/lib/cli.js:66058:18)
      at Request.self.callback (/Users/tian/.yarn/lib/cli.js:129541:22)
      at Request.emit (events.js:198:13)
      at Request.<anonymous> (/Users/tian/.yarn/lib/cli.js:130513:10)
      at Request.emit (events.js:198:13)
      at IncomingMessage.<anonymous> (/Users/tian/.yarn/lib/cli.js:130435:12)
      at Object.onceWrapper (events.js:286:20)
      at IncomingMessage.emit (events.js:203:15)
      at endReadableNT (_stream_readable.js:1129:12)
      at process._tickCallback (internal/process/next_tick.js:63:19)

npm manifest: 
  {
    "name": "markdown2vue-loader",
    "version": "0.0.1",
    "description": "compile .md to .vue",
    "main": "src/index.js",
    "scripts": {
      "test": "echo \"Error: no test specified\" && exit 1"
    },
    "author": "",
    "license": "ISC",
    "devDependencies": {
      "markdown-it": "^9.0.1",
      "markdown-it-anchor": "^5.2.4",
      "markdown-it-container": "^2.0.0",
      "markdown-it-emoji": "^1.4.0",
      "markdown-it-table-of-contents": "^0.4.4"
    }
  }

yarn manifest: 
  No manifest

Lockfile: 
  # THIS IS AN AUTOGENERATED FILE. DO NOT EDIT THIS FILE DIRECTLY.
  # yarn lockfile v1
  
  
  argparse@^1.0.7:
    version "1.0.10"
    resolved "https://registry.npm.taobao.org/argparse/download/argparse-1.0.10.tgz#bcd6791ea5ae09725e17e5ad988134cd40b3d911"
    integrity sha1-vNZ5HqWuCXJeF+WtmIE0zUCz2RE=
    dependencies:
      sprintf-js "~1.0.2"
  
  entities@~1.1.1:
    version "1.1.2"
    resolved "https://registry.npm.taobao.org/entities/download/entities-1.1.2.tgz#bdfa735299664dfafd34529ed4f8522a275fea56"
    integrity sha1-vfpzUplmTfr9NFKe1PhSKidf6lY=
  
  linkify-it@^2.0.0:
    version "2.2.0"
    resolved "https://registry.npm.taobao.org/linkify-it/download/linkify-it-2.2.0.tgz#e3b54697e78bf915c70a38acd78fd09e0058b1cf"
    integrity sha1-47VGl+eL+RXHCjis14/QngBYsc8=
    dependencies:
      uc.micro "^1.0.1"
  
  markdown-it-anchor@^5.2.4:
    version "5.2.4"
    resolved "https://registry.npm.taobao.org/markdown-it-anchor/download/markdown-it-anchor-5.2.4.tgz#d39306fe4c199705b4479d3036842cf34dcba24f"
    integrity sha1-05MG/kwZlwW0R50wNoQs803Lok8=
  
  markdown-it-container@^2.0.0:
    version "2.0.0"
    resolved "https://registry.npm.taobao.org/markdown-it-container/download/markdown-it-container-2.0.0.tgz#0019b43fd02eefece2f1960a2895fba81a404695"
    integrity sha1-ABm0P9Au7+zi8ZYKKJX7qBpARpU=
  
  markdown-it-emoji@^1.4.0:
    version "1.4.0"
    resolved "https://registry.npm.taobao.org/markdown-it-emoji/download/markdown-it-emoji-1.4.0.tgz#9bee0e9a990a963ba96df6980c4fddb05dfb4dcc"
    integrity sha1-m+4OmpkKljupbfaYDE/dsF37Tcw=
  
  markdown-it-table-of-contents@^0.4.4:
    version "0.4.4"
    resolved "https://registry.npm.taobao.org/markdown-it-table-of-contents/download/markdown-it-table-of-contents-0.4.4.tgz#3dc7ce8b8fc17e5981c77cc398d1782319f37fbc"
    integrity sha1-PcfOi4/BflmBx3zDmNF4Ixnzf7w=
  
  markdown-it@^9.0.1:
    version "9.0.1"
    resolved "https://registry.npm.taobao.org/markdown-it/download/markdown-it-9.0.1.tgz#aafe363c43718720b6575fd10625cde6e4ff2d47"
    integrity sha1-qv42PENxhyC2V1/RBiXN5uT/LUc=
    dependencies:
      argparse "^1.0.7"
      entities "~1.1.1"
      linkify-it "^2.0.0"
      mdurl "^1.0.1"
      uc.micro "^1.0.5"
  
  mdurl@^1.0.1:
    version "1.0.1"
    resolved "https://registry.npm.taobao.org/mdurl/download/mdurl-1.0.1.tgz#fe85b2ec75a59037f2adfec100fd6c601761152e"
    integrity sha1-/oWy7HWlkDfyrf7BAP1sYBdhFS4=
  
  sprintf-js@~1.0.2:
    version "1.0.3"
    resolved "https://registry.npm.taobao.org/sprintf-js/download/sprintf-js-1.0.3.tgz?cache=0&other_urls=https%3A%2F%2Fregistry.npm.taobao.org%2Fsprintf-js%2Fdownload%2Fsprintf-js-1.0.3.tgz#04e6926f662895354f3dd015203633b857297e2c"
    integrity sha1-BOaSb2YolTVPPdAVIDYzuFcpfiw=
  
  uc.micro@^1.0.1, uc.micro@^1.0.5:
    version "1.0.6"
    resolved "https://registry.npm.taobao.org/uc.micro/download/uc.micro-1.0.6.tgz#9c411a802a409a91fc6cf74081baba34b24499ac"
    integrity sha1-nEEagCpAmpH8bPdAgbq6NLJEmaw=
